<?xml version="1.0" encoding="UTF-8"?>
<!-- Generated by org.testng.reporters.JUnitReportReporter -->
<testsuite skipped="0" hostname="DESKTOP-U71SNNI" name="com.learnautomation.testcases.LoginTestCRM" tests="1" failures="0" timestamp="2020-04-28T01:18:19 IST" time="8.257" errors="0">
  <testcase name="loginApp" time="8.257" classname="com.learnautomation.testcases.LoginTestCRM"/>
  <system-out/>
</testsuite> <!-- com.learnautomation.testcases.LoginTestCRM -->
